
ROM used:   4870/65536 (7%)
            4870/65536 (7%) including unused fragments

            2.8 Average locations per line
            9.0 Average locations per statement

RAM used:   19/3896 (0%) at main() level
            23/3896 (1%) worst case

Stack used: 2 worst case (2 in main + 0 for interrupts)
Stack size: 31

Lines Stmts  %   Files
----- ----- ---  -----
   51    23   4  Newheaven_UTC_Clock_DST_fix.c
   12     0   0  Hardware_Setup.h
 1036     0   0  ..\..\..\..\Program Files (x86)\PICC\Devices\18f26k22.h
  302   252  46  RTC_DS1307_DST_fix.h
  301   241  44  manual_set_time_DST_fix.h
   42    26   5  Display_All.h
----- -----
 1744   542 Total

Page ROM  %  RAM    Vol Diff  Functions:
---- --- --- ---    --- ----  ----------
0     40   0    1             @delay_ms1
0      8   0    0             @PUTCHARI_BIU_1
0    102   1    3             @I2C_READ_129
0    108   1    1             @I2C_WRITE_129
0    944  10    1   5653  7.4  ds1307_display
0     40   0    3             @DIV88
0    108   1    2             @PRINTF_U_9600_31766_31767
0      4   0    0             @const827
0     34   0    2             @PSTRINGC_9600_31766_31767
0      4   0    0             @const832
0      4   0    0             @const833
0      4   0    0             @const834
0      4   0    0             @const835
0      4   0    0             @const836
0      4   0    0             @const837
0      4   0    0             @const838
0      4   0    0             @const839
0      4   0    0             @const840
0      4   0    0             @const841
0      4   0    0             @const842
0      4   0    0             @const843
0      4   0    0             @const844
0      4   0    0             @const845
0      4   0    0             @const846
0      4   0    0             @const847
0      4   0    0             @const848
0      4   0    0             @const849
0    100   1    0     94  1.3  write_Seconds
0     98   1    0    104  1.7  Write_Minutes
0     98   1    0    104  1.7  Write_Hours
0    104   1    0    104  1.7  Write_Days
0    104   1    0    104  1.7  Write_Date
0    104   1    0    104  1.7  Write_Months
0    104   1    0     94  1.3  Write_CST_DST
0    146   1    0    143  1.8  Read_CST_DST
0    204   2    0    381  1.9  Read_All_RTC_Regs
0    202   2    0    367  1.8  Read_All_RTC_Regs_At_Start
0     90   1    0    346  1.4  Template
0     12   0    0             @const866
0      6   0    0             @const867
0     10   0    0             @const868
0     12   0    0             @const869
0   1480  15    1   7976  9.9  Manual_Set_Time
0     20   0    0             @const871
0     20   0    0             @const872
0     18   0    0             @const873
0     14   0    0             @const874
0     32   0    3             @PSTRINGCN_9600_31766_31767
0     20   0    0             @const877
0     22   0    0             @const878
0     16   0    0             @const879
0     22   0    0             @const880
0     16   0    0             @const881
0     10   0    0             @const882
0     18   0    0             @const883
0     14   0    0             @const884
0     16   0    0             @const885
0     12   0    0             @const886
0     18   0    0             @const887
0     18   0    0             @const888
0     22   0    0             @const889
0     10   0    0             @const891
0      8   0    0             @const893
0     22   0    0             @const895
0    164   2    1    459  2.8  MAIN
 Inline         0             @cinit1

Program metrics:
    Functions               14
    Statements              542
    Comments                453
    Volume (V)              21138
    Difficulty (D)          37.5
    Effort to implement (E) 792784
    Time to implement (T)   12 hours, 14 minutes
    Est Delivered Bugs (B)  3
    Cyclomatic Complexity   59
    Maintainability (MI)    101

 Segment     Used  Free
-----------  ----  ----
00000-00002     4  0  
00004-0FFFE  4866  60666  



