
ROM used:   2820/31936 (9%)
            2820/31936 (9%) including unused fragments

            1.2 Average locations per line
            5.2 Average locations per statement

RAM used:   74/1524 (5%) at main() level
            78/1524 (5%) worst case

Stack used: 2 worst case (2 in main + 0 for interrupts)
Stack size: 30

Lines Stmts  %   Files
----- ----- ---  -----
  107    31   6  Newheaven_UTC_Clock.c
   14     0   0  Hardware_Setup.h
  879     0   0  e:\Program Files (x86)\PICC\Devices\18f4520.h
  272   231  42  RTC_DS1307.h
  260   203  37  manual_set_time.h
   42    26   5  Display_All.h
   11     2   0  AutoSetTime.h
  435     0   0  e:\Program Files (x86)\PICC\Drivers\string.h
   32     0   0  e:\Program Files (x86)\PICC\Drivers\stddef.h
   28     0   0  e:\Program Files (x86)\PICC\Drivers\ctype.h
   37     0   0  e:\Program Files (x86)\PICC\Drivers\stdio.h
  283    52  10  e:\Program Files (x86)\PICC\Drivers\input.c
----- -----
 2400   545 Total

Page ROM  %  RAM    Vol Diff  Functions:
---- --- --- ---    --- ----  ----------
0     38   1    1             @delay_ms1
0      8   0    0             @PUTCHARI_BIU_1
0     24   0    0             @GETCH_BIU_1
0    108   2    1             @I2C_WRITE_129
0     40   1    3             @DIV88
0    108   2    2             @PRINTF_U_9600_31766_31767
0      4   0    0             @const768
0     34   1    2             @PSTRINGC_9600_31766_31767
0      4   0    0             @const773
0      4   0    0             @const774
0      4   0    0             @const775
0      4   0    0             @const776
0      4   0    0             @const777
0      4   0    0             @const778
0      4   0    0             @const779
0      4   0    0             @const780
0      4   0    0             @const781
0      4   0    0             @const782
0      4   0    0             @const783
0      4   0    0             @const784
0      4   0    0             @const785
0      4   0    0             @const786
0      4   0    0             @const787
0      4   0    0             @const788
0      4   0    0             @const789
0      4   0    0             @const790
0     92   2    0     94  1.3  write_Seconds
0     96   2    0    104  1.7  Write_Minutes
0     96   2    0    104  1.7  Write_Hours
0     96   2    0    104  1.7  Write_Days
0     96   2    0    104  1.7  Write_Date
0     96   2    0    104  1.7  Write_Months
0     90   2    0    346  1.4  Template
0     12   0    0             @const805
0      6   0    0             @const806
0     10   0    0             @const807
0     12   0    0             @const808
0   1040  18    1   6537  9.9  Manual_Set_Time
0     20   0    0             @const810
0     20   0    0             @const811
0     18   0    0             @const812
0     14   0    0             @const813
0     32   1    3             @PSTRINGCN_9600_31766_31767
0     20   0    0             @const816
0     22   0    0             @const817
0     16   0    0             @const818
0     22   0    0             @const819
0     16   0    0             @const820
0     10   0    0             @const821
0     18   0    0             @const822
0     14   0    0             @const823
0     16   0    0             @const824
0     12   0    0             @const825
0     10   0    0             @const827
0      8   0    0             @const829
0     22   0    0             @const831
0     12   0    0             @const953
0    302   5    2    770  5.1  MAIN
0     14   0    0             @const971
 Inline         0             @cinit1

Program metrics:
    Functions               9
    Statements              545
    Comments                572
    Volume (V)              10337
    Difficulty (D)          24.5
    Effort to implement (E) 253705
    Time to implement (T)   3 hours, 55 minutes
    Est Delivered Bugs (B)  1
    Cyclomatic Complexity   23
    Maintainability (MI)    57

 Segment     Used  Free
-----------  ----  ----
00000-00002     4  0  
00004-07CBE  2816  29116  



